<?xml version="1.0"?>
<testsuite name="HeadlessChrome 84.0.4147 (Mac OS X 10.15.6)" package="" timestamp="2020-08-14T06:01:19" id="0" hostname="miu.local" tests="10" errors="0" failures="0" time="0.262">
  <properties>
    <property name="browser.fullName" value="Mozilla/5.0 (Macintosh; Intel Mac OS X 10_15_6) AppleWebKit/537.36 (KHTML, like Gecko) HeadlessChrome/84.0.4147.125 Safari/537.36"/>
  </properties>
  <testcase name="AppComponent should create the app" time="0.116" classname="AppComponent"/>
  <testcase name="AppComponent should have as title 'test-angular-app'" time="0.055" classname="AppComponent"/>
  <testcase name="AppComponent should render title in a h1 tag" time="0.046" classname="AppComponent"/>
  <testcase name="Hello-World-Service-Service should be created" time="0.013" classname="Hello-World-Service-Service"/>
  <testcase name="Hello-World-Service-Service test the add function" time="0.008" classname="Hello-World-Service-Service"/>
  <testcase name="Hello-World-Service-Service should perform addition correctly" time="0.011" classname="Hello-World-Service-Service"/>
  <testcase name="Hello-World-Service-Service should perform concatination correctly" time="0.007" classname="Hello-World-Service-Service"/>
  <testcase name="helloworld check a static string to be" time="0.003" classname="helloworld"/>
  <testcase name="helloworld check a static string not to be" time="0.001" classname="helloworld"/>
  <testcase name="helloworld check a static string regex match" time="0.002" classname="helloworld"/>
  <system-out>
    <![CDATA[
]]>
  </system-out>
  <system-err/>
</testsuite>